Wed Sep 06 2023 19:6:15 } [PH] error: 
Invalid `prisma.studentSemesterPayment.create()` invocation:


Transaction API error: Transaction already closed: Could not perform operation.
Wed Sep 06 2023 19:22:56 } [PH] error: 
Invalid `prisma.studentSemesterRegistrationCourse.findMany()` invocation:


Transaction API error: Transaction already closed: A query cannot be executed on a committed transaction.
Wed Sep 06 2023 19:23:42 } [PH] error: 
Invalid `prisma.studentSemesterRegistrationCourse.findMany()` invocation:


Transaction API error: Transaction already closed: A query cannot be executed on a committed transaction.
Wed Sep 06 2023 19:24:29 } [PH] error: 
Invalid `prisma.studentSemesterRegistrationCourse.findMany()` invocation:


Transaction API error: Transaction already closed: A query cannot be executed on a committed transaction.
Wed Sep 06 2023 19:26:57 } [PH] error: 
Invalid `prisma.studentSemesterPayment.create()` invocation:


Transaction API error: Transaction already closed: Could not perform operation.
Wed Sep 06 2023 19:27:44 } [PH] error: 
Invalid `prisma.studentSemesterPayment.create()` invocation:


Transaction API error: Transaction already closed: Could not perform operation.
Wed Sep 06 2023 19:31:39 } [PH] error: 
Invalid `prisma.studentSemesterPayment.create()` invocation:


Transaction API error: Transaction already closed: Could not perform operation.
Wed Sep 06 2023 19:32:23 } [PH] error: 
Invalid `prisma.studentSemesterPayment.create()` invocation:


Transaction API error: Transaction already closed: Could not perform operation.
Wed Sep 06 2023 19:33:16 } [PH] error: 
Invalid `prisma.studentSemesterPayment.create()` invocation:


Transaction API error: Transaction already closed: Could not perform operation.
Wed Sep 06 2023 19:42:6 } [PH] error: 
Invalid `prisma.studentSemesterRegistrationCourse.findMany()` invocation:


Transaction API error: Transaction already closed: A query cannot be executed on a committed transaction.
Wed Sep 06 2023 19:49:51 } [PH] error: 
Invalid `prisma.studentSemesterPayment.create()` invocation:


Transaction API error: Transaction already closed: Could not perform operation.
